cl : command line  warning D9035: option 'Gm' has been deprecated and will be removed in a future release
  Spaceship.cpp
  ScoreMultiplier.cpp
  PowerUp.cpp
  main.cpp
  Explosion.cpp
  DemoSpaceship.cpp
  DemoBullet.cpp
  Bullet.cpp
  Asteroids.cpp
  Asteroid.cpp
  Generating Code...
Asteroid.obj : warning LNK4075: ignoring '/EDITANDCONTINUE' due to '/SAFESEH' specification
  Asteroids.vcxproj -> C:\Users\Yusuf\Asteroid_Game\IN2026 Coursework Code\bin\Asteroids.exe
  ..\..\assets\asteroid.shape
  ..\..\assets\asteroid1_fs.png
  ..\..\assets\asteroid2_fs.png
  ..\..\assets\asteroid3_fs.png
  ..\..\assets\bullet.shape
  ..\..\assets\enemy_fs.png
  ..\..\assets\explosion_fs.png
  ..\..\assets\spaceship.shape
  ..\..\assets\spaceship_fs.png
  ..\..\assets\spaceship_rotating_fs.png
  ..\..\assets\thruster.shape
         11 file(s) copied.
