c:\users\yusuf\asteroid_game\in2026 coursework code\vc\asteroids\debug\vc143.pdb
c:\users\yusuf\asteroid_game\in2026 coursework code\vc\asteroids\debug\vc143.idb
c:\users\yusuf\asteroid_game\in2026 coursework code\vc\asteroids\debug\asteroid.obj
c:\users\yusuf\asteroid_game\in2026 coursework code\vc\asteroids\debug\asteroids.obj
c:\users\yusuf\asteroid_game\in2026 coursework code\vc\asteroids\debug\bullet.obj
c:\users\yusuf\asteroid_game\in2026 coursework code\vc\asteroids\debug\demobullet.obj
c:\users\yusuf\asteroid_game\in2026 coursework code\vc\asteroids\debug\demospaceship.obj
c:\users\yusuf\asteroid_game\in2026 coursework code\vc\asteroids\debug\explosion.obj
c:\users\yusuf\asteroid_game\in2026 coursework code\vc\asteroids\debug\main.obj
c:\users\yusuf\asteroid_game\in2026 coursework code\vc\asteroids\debug\powerup.obj
c:\users\yusuf\asteroid_game\in2026 coursework code\vc\asteroids\debug\scoremultiplier.obj
c:\users\yusuf\asteroid_game\in2026 coursework code\vc\asteroids\debug\spaceship.obj
c:\users\yusuf\asteroid_game\in2026 coursework code\bin\asteroids.exe
c:\users\yusuf\asteroid_game\in2026 coursework code\vc\asteroids\debug\asteroids.ilk
c:\users\yusuf\asteroid_game\in2026 coursework code\vc\asteroids\debug\asteroids.pdb
c:\users\yusuf\asteroid_game\in2026 coursework code\vc\asteroids\debug\asteroids.tlog\cl.command.1.tlog
c:\users\yusuf\asteroid_game\in2026 coursework code\vc\asteroids\debug\asteroids.tlog\cl.read.1.tlog
c:\users\yusuf\asteroid_game\in2026 coursework code\vc\asteroids\debug\asteroids.tlog\cl.write.1.tlog
c:\users\yusuf\asteroid_game\in2026 coursework code\vc\asteroids\debug\asteroids.tlog\link.command.1.tlog
c:\users\yusuf\asteroid_game\in2026 coursework code\vc\asteroids\debug\asteroids.tlog\link.read.1.tlog
c:\users\yusuf\asteroid_game\in2026 coursework code\vc\asteroids\debug\asteroids.tlog\link.write.1.tlog
